<?xml version="1.0" encoding="UTF-8"?>
<testsuite xmlns:xsi="http://www.w3.org/2001/XMLSchema-instance" xsi:noNamespaceSchemaLocation="https://maven.apache.org/surefire/maven-surefire-plugin/xsd/surefire-test-report-3.0.xsd" version="3.0" name="TestSuite" time="2.117" tests="12" errors="0" skipped="0" failures="0">
  <properties>
[...]
</properties>
  <testcase name="runScenario[&quot;Validate ajax loader&quot;, &quot;Optional[Ajax loader]&quot;](4)" classname="runners.MainRunner" time="0.143">
    <system-out><![CDATA[[TestNGContentHandler] [WARN] It is strongly recommended to add "<!DOCTYPE suite SYSTEM "https://testng.org/testng-1.0.dtd" >" at the top of the suite file [C:\Users\Dovis\Desktop\Automation-framework\src\test\java\runners\testng\testng.xml] otherwise TestNG may fail or not work as expected.

@All @Actions @regression @Drag
Scenario: Drag & Drop function                   &amp#27;[90m# features/Actions.feature:7&amp#27;[0m

@All @Actions @regression @Hover
Scenario: Hover on third box and access second option                                            &amp#27;[90m# features/Actions.feature:17&amp#27;[0m

@All @Actions @regression @Hold
Scenario: Hold mouse click - keep holding                                       &amp#27;[90m# features/Actions.feature:23&amp#27;[0m

@All @Actions @regression @Double-click
Scenario: Double click function          &amp#27;[90m# features/Actions.feature:12&amp#27;[0m

@regression @ajax
Scenario: Validate ajax loader           &amp#27;[90m# features/Ajax_loader.feature:7&amp#27;[0m
  &amp#27;[32mGiven &amp#27;[0m&amp#27;[32mAccess the webdriver action page&amp#27;[0m         &amp#27;[90m# stepDefinitions.Actions.access_the_webdriver_action_page()&amp#27;[0m
  &amp#27;[32mGiven &amp#27;[0m&amp#27;[32mAccess the webdriver action page&amp#27;[0m &amp#27;[90m# stepDefinitions.Actions.access_the_webdriver_action_page()&amp#27;[0m
  &amp#27;[32mGiven &amp#27;[0m&amp#27;[32mAccess the webdriver alerts page&amp#27;[0m &amp#27;[90m# stepDefinitions.Ajax_loader.access_the_webdriver_alerts_page()&amp#27;[0m
  &amp#27;[32mGiven &amp#27;[0m&amp#27;[32mAccess the webdriver action page&amp#27;[0m                                                         &amp#27;[90m# stepDefinitions.Actions.access_the_webdriver_action_page()&amp#27;[0m
  &amp#27;[32mGiven &amp#27;[0m&amp#27;[32mAccess the webdriver action page&amp#27;[0m                                        &amp#27;[90m# stepDefinitions.Actions.access_the_webdriver_action_page()&amp#27;[0m
  &amp#27;[32mWhen &amp#27;[0m&amp#27;[32mHover the mouse on third box&amp#27;[0m                                                              &amp#27;[90m# stepDefinitions.Actions.hover_the_mouse_on_third_box()&amp#27;[0m
  &amp#27;[32mWhen &amp#27;[0m&amp#27;[32mClick on ajax loader&amp#27;[0m              &amp#27;[90m# stepDefinitions.Ajax_loader.click_on_ajax_loader()&amp#27;[0m
  &amp#27;[32mWhen &amp#27;[0m&amp#27;[32mMove small box to targeted Box location&amp#27;[0m   &amp#27;[90m# stepDefinitions.Actions.move_small_box_to_targeted_box_location()&amp#27;[0m
  &amp#27;[32mWhen &amp#27;[0m&amp#27;[32mDouble click on yellow box&amp#27;[0m        &amp#27;[90m# stepDefinitions.Actions.double_click_on_yellow_box()&amp#27;[0m
  &amp#27;[32mWhen &amp#27;[0m&amp#27;[32mHold left mouse click on orange box&amp#27;[0m                                      &amp#27;[90m# stepDefinitions.Actions.hold_left_mouse_click_on_orange_box()&amp#27;[0m
  &amp#27;[32mAnd &amp#27;[0m&amp#27;[32mClick on the second option&amp#27;[0m                                                                 &amp#27;[90m# stepDefinitions.Actions.click_on_the_second_option()&amp#27;[0m
  &amp#27;[32mThen &amp#27;[0m&amp#27;[32mWait for green button appearance&amp#27;[0m  &amp#27;[90m# stepDefinitions.Ajax_loader.WaitForGreenButton()&amp#27;[0m
  &amp#27;[32mThen &amp#27;[0m&amp#27;[32mThe box has to be green color&amp#27;[0m     &amp#27;[90m# stepDefinitions.Actions.the_box_has_to_be_green_color()&amp#27;[0m
  &amp#27;[32mThen &amp#27;[0m&amp#27;[32mPresent with confirmation message&amp#27;[0m&amp#27;[32m&amp#27;[1mDropped!&amp#27;[0m &amp#27;[90m# stepDefinitions.Actions.present_with_confirmation_message(java.lang.String)&amp#27;[0m
  &amp#27;[32mThen &amp#27;[0m&amp#27;[32mThe alert should be presented with confirmation message&amp#27;[0m&amp#27;[32m&amp#27;[1mWell done you clicked on the link!&amp#27;[0m &amp#27;[90m# stepDefinitions.Actions.the_alert_should_be_presented_with_confirmation_messsage(java.lang.String)&amp#27;[0m
  &amp#27;[32mThen &amp#27;[0m&amp#27;[32mDisplay confirmation message&amp#27;[0m&amp#27;[32m&amp#27;[1m Well done! keep holding that click now.....&amp#27;[0m &amp#27;[90m# stepDefinitions.Actions.display_confirmation_message_well_done_keep_holding_that_click_now(java.lang.String)&amp#27;[0m
  &amp#27;[32mAnd &amp#27;[0m&amp#27;[32mClick on green button&amp#27;[0m              &amp#27;[90m# stepDefinitions.Ajax_loader.click_on_green_button()&amp#27;[0m
  &amp#27;[32mAnd &amp#27;[0m&amp#27;[32mClick to close modal&amp#27;[0m               &amp#27;[90m# stepDefinitions.Ajax_loader.click_to_close_alert()&amp#27;[0m
]]></system-out>
  </testcase>
  <testcase name="runScenario[&quot;Hover on third box and access second option&quot;, &quot;Optional[Webdriveruniversity - Drag, Drop, Hover, Click and hold, double click]&quot;](4)" classname="runners.MainRunner" time="0.144"/>
  <testcase name="runScenario[&quot;Drag &amp; Drop function&quot;, &quot;Optional[Webdriveruniversity - Drag, Drop, Hover, Click and hold, double click]&quot;](4)" classname="runners.MainRunner" time="0.144"/>
  <testcase name="runScenario[&quot;Double click function&quot;, &quot;Optional[Webdriveruniversity - Drag, Drop, Hover, Click and hold, double click]&quot;](4)" classname="runners.MainRunner" time="0"/>
  <testcase name="runScenario[&quot;Hold mouse click - keep holding&quot;, &quot;Optional[Webdriveruniversity - Drag, Drop, Hover, Click and hold, double click]&quot;](5)" classname="runners.MainRunner" time="0"/>
  <testcase name="runScenario[&quot;Validate unsuccessful login&quot;, &quot;Optional[Webdriver University - Login page]&quot;](6)" classname="runners.MainRunner" time="0.007">
    <system-out><![CDATA[
@All @login @regression
Scenario: Validate unsuccessful login   &amp#27;[90m# features/Login.feature:13&amp#27;[0m
  &amp#27;[32mGiven &amp#27;[0m&amp#27;[32mAccess the webdriver login page&amp#27;[0m &amp#27;[90m# stepDefinitions.Login.access_the_webdriver_login_page()&amp#27;[0m
  &amp#27;[32mWhen &amp#27;[0m&amp#27;[32menter a login name &amp#27;[0m&amp#27;[32m&amp#27;[1mwebdriver&amp#27;[0m     &amp#27;[90m# stepDefinitions.Login.enter_a_login_name(java.lang.String)&amp#27;[0m

@All @contact-us @regression
Scenario: Validate Successful Submission - Unique Data  &amp#27;[90m# features/Contact_Us.feature:8&amp#27;[0m
  &amp#27;[32mAnd &amp#27;[0m&amp#27;[32menter a password &amp#27;[0m&amp#27;[32m&amp#27;[1mwebdriver1&amp#27;[0m       &amp#27;[90m# stepDefinitions.Login.enter_a_specific_password(java.lang.String)&amp#27;[0m
  &amp#27;[32mAnd &amp#27;[0m&amp#27;[32mclick on Login button&amp#27;[0m             &amp#27;[90m# stepDefinitions.Login.click_on_login_button()&amp#27;[0m
  &amp#27;[32mGiven &amp#27;[0m&amp#27;[32maccess the webdriver university contact us page&amp#27;[0m &amp#27;[90m# stepDefinitions.Contact_Us_Steps.access_the_webdriver_university_contact_us_page()&amp#27;[0m
  &amp#27;[32mWhen &amp#27;[0m&amp#27;[32mEnter a unique first name&amp#27;[0m                        &amp#27;[90m# stepDefinitions.Contact_Us_Steps.enter_a_unique_first_name()&amp#27;[0m
  &amp#27;[32mAnd &amp#27;[0m&amp#27;[32mEnter a unique last name&amp#27;[0m                          &amp#27;[90m# stepDefinitions.Contact_Us_Steps.enter_a_unique_last_name()&amp#27;[0m
]]></system-out>
  </testcase>
  <testcase name="runScenario[&quot;Validate Successful Submission - Unique Data&quot;, &quot;Optional[WebDriver University - Contact Us Page]&quot;](7)" classname="runners.MainRunner" time="0.006">
    <system-out><![CDATA[  &amp#27;[32mAnd &amp#27;[0m&amp#27;[32mEnter unique email address&amp#27;[0m                        &amp#27;[90m# stepDefinitions.Contact_Us_Steps.enter_unique_email_address()&amp#27;[0m
  &amp#27;[32mAnd &amp#27;[0m&amp#27;[32mEnter a unique comment&amp#27;[0m                            &amp#27;[90m# stepDefinitions.Contact_Us_Steps.enter_a_unique_comment()&amp#27;[0m
  &amp#27;[32mAnd &amp#27;[0m&amp#27;[32mclick on the submit button&amp#27;[0m                        &amp#27;[90m# stepDefinitions.Contact_Us_Steps.click_on_the_submit_button()&amp#27;[0m
  &amp#27;[32mThen &amp#27;[0m&amp#27;[32mIt has to be presented successful confirmation&amp#27;[0m   &amp#27;[90m# stepDefinitions.Contact_Us_Steps.it_has_to_show_successful_confirmation()&amp#27;[0m
]]></system-out>
  </testcase>
  <testcase name="runScenario[&quot;Validate successful login&quot;, &quot;Optional[Webdriver University - Login page]&quot;](8)" classname="runners.MainRunner" time="0.004">
    <system-out><![CDATA[
@All @login @regression
Scenario: Validate successful login     &amp#27;[90m# features/Login.feature:8&amp#27;[0m
  &amp#27;[32mGiven &amp#27;[0m&amp#27;[32mAccess the webdriver login page&amp#27;[0m &amp#27;[90m# stepDefinitions.Login.access_the_webdriver_login_page()&amp#27;[0m
  &amp#27;[32mWhen &amp#27;[0m&amp#27;[32menter a login name &amp#27;[0m&amp#27;[32m&amp#27;[1mwebdriver&amp#27;[0m     &amp#27;[90m# stepDefinitions.Login.enter_a_login_name(java.lang.String)&amp#27;[0m
  &amp#27;[32mAnd &amp#27;[0m&amp#27;[32menter a password &amp#27;[0m&amp#27;[32m&amp#27;[1mwebdriver123&amp#27;[0m     &amp#27;[90m# stepDefinitions.Login.enter_a_specific_password(java.lang.String)&amp#27;[0m
  &amp#27;[32mAnd &amp#27;[0m&amp#27;[32mclick on Login button&amp#27;[0m             &amp#27;[90m# stepDefinitions.Login.click_on_login_button()&amp#27;[0m

@All @login @regression @smoke
Scenario Outline: Validate - successful and unsuccessful login                              &amp#27;[90m# features/Login.feature:27&amp#27;[0m

@All @contact-us @regression
Scenario: Validate Successful Submission - Specific Data      &amp#27;[90m# features/Contact_Us.feature:16&amp#27;[0m
  &amp#27;[32mGiven &amp#27;[0m&amp#27;[32mAccess the webdriver login page&amp#27;[0m                                                     &amp#27;[90m# stepDefinitions.Login.access_the_webdriver_login_page()&amp#27;[0m
]]></system-out>
  </testcase>
  <testcase name="runScenario[&quot;Validate Successful Submission - Specific Data&quot;, &quot;Optional[WebDriver University - Contact Us Page]&quot;](9)" classname="runners.MainRunner" time="0.008">
    <system-out><![CDATA[  &amp#27;[32mGiven &amp#27;[0m&amp#27;[32maccess the webdriver university contact us page&amp#27;[0m       &amp#27;[90m# stepDefinitions.Contact_Us_Steps.access_the_webdriver_university_contact_us_page()&amp#27;[0m
  &amp#27;[32mWhen &amp#27;[0m&amp#27;[32menter a specific first name &amp#27;[0m&amp#27;[32m&amp#27;[1mDovydas&amp#27;[0m                    &amp#27;[90m# stepDefinitions.Contact_Us_Steps.enter_a_specific_first_name(java.lang.String)&amp#27;[0m
  &amp#27;[32mAnd &amp#27;[0m&amp#27;[32menter a specific last name &amp#27;[0m&amp#27;[32m&amp#27;[1mTamulis&amp#27;[0m                      &amp#27;[90m# stepDefinitions.Contact_Us_Steps.enter_a_specific_last_name(java.lang.String)&amp#27;[0m
  &amp#27;[32mWhen &amp#27;[0m&amp#27;[32menter a login name &amp#27;[0m&amp#27;[32m&amp#27;[1mwebdriver&amp#27;[0m                                                         &amp#27;[90m# stepDefinitions.Login.enter_a_login_name(java.lang.String)&amp#27;[0m
  &amp#27;[32mAnd &amp#27;[0m&amp#27;[32menter a specific email address &amp#27;[0m&amp#27;[32m&amp#27;[1mdovydastt@gmail.com&amp#27;[0m      &amp#27;[90m# stepDefinitions.Contact_Us_Steps.enter_a_specific_email_address(java.lang.String)&amp#27;[0m
  &amp#27;[32mAnd &amp#27;[0m&amp#27;[32menter a specific comment &amp#27;[0m&amp#27;[32m&amp#27;[1m"Hello sir/madam how are you?"&amp#27;[0m &amp#27;[90m# stepDefinitions.Contact_Us_Steps.enter_a_specific_comment(java.lang.String)&amp#27;[0m
  &amp#27;[32mAnd &amp#27;[0m&amp#27;[32menter a password &amp#27;[0m&amp#27;[32m&amp#27;[1mwebdriver123&amp#27;[0m                                                         &amp#27;[90m# stepDefinitions.Login.enter_a_specific_password(java.lang.String)&amp#27;[0m
  &amp#27;[32mAnd &amp#27;[0m&amp#27;[32mclick on Login button&amp#27;[0m                                                                 &amp#27;[90m# stepDefinitions.Login.click_on_login_button()&amp#27;[0m
  &amp#27;[32mAnd &amp#27;[0m&amp#27;[32mclick on the submit button&amp#27;[0m                              &amp#27;[90m# stepDefinitions.Contact_Us_Steps.click_on_the_submit_button()&amp#27;[0m
  &amp#27;[32mThen &amp#27;[0m&amp#27;[32mAlert should be presented with the following validation message &amp#27;[0m&amp#27;[32m&amp#27;[1mvalidation succeeded&amp#27;[0m &amp#27;[90m# stepDefinitions.Login.alert_pop_up_should_be_presented_with_the_following_validation_message(java.lang.String)&amp#27;[0m
  &amp#27;[32mThen &amp#27;[0m&amp#27;[32mIt has to be presented successful confirmation&amp#27;[0m         &amp#27;[90m# stepDefinitions.Contact_Us_Steps.it_has_to_show_successful_confirmation()&amp#27;[0m
]]></system-out>
  </testcase>
  <testcase name="runScenario[&quot;Validate - successful and unsuccessful login&quot;, &quot;Optional[Webdriver University - Login page]&quot;](10)" classname="runners.MainRunner" time="0.008"/>
  <testcase name="runScenario[&quot;Validate - successful and unsuccessful login&quot;, &quot;Optional[Webdriver University - Login page]&quot;](11)" classname="runners.MainRunner" time="0.014">
    <system-out><![CDATA[
@All @login @regression @smoke
Scenario Outline: Validate - successful and unsuccessful login                           &amp#27;[90m# features/Login.feature:28&amp#27;[0m
  &amp#27;[32mGiven &amp#27;[0m&amp#27;[32mAccess the webdriver login page&amp#27;[0m                                                  &amp#27;[90m# stepDefinitions.Login.access_the_webdriver_login_page()&amp#27;[0m
  &amp#27;[32mWhen &amp#27;[0m&amp#27;[32menter a login name &amp#27;[0m&amp#27;[32m&amp#27;[1mwebdriver&amp#27;[0m                                                      &amp#27;[90m# stepDefinitions.Login.enter_a_login_name(java.lang.String)&amp#27;[0m

@All @login @regression @smoke
Scenario Outline: Validate - successful and unsuccessful login                           &amp#27;[90m# features/Login.feature:29&amp#27;[0m
  &amp#27;[32mAnd &amp#27;[0m&amp#27;[32menter a password &amp#27;[0m&amp#27;[32m&amp#27;[1mwebdriver1&amp#27;[0m                                                        &amp#27;[90m# stepDefinitions.Login.enter_a_specific_password(java.lang.String)&amp#27;[0m
  &amp#27;[32mGiven &amp#27;[0m&amp#27;[32mAccess the webdriver login page&amp#27;[0m                                                  &amp#27;[90m# stepDefinitions.Login.access_the_webdriver_login_page()&amp#27;[0m
  &amp#27;[32mAnd &amp#27;[0m&amp#27;[32mclick on Login button&amp#27;[0m                                                              &amp#27;[90m# stepDefinitions.Login.click_on_login_button()&amp#27;[0m
  &amp#27;[32mWhen &amp#27;[0m&amp#27;[32menter a login name &amp#27;[0m&amp#27;[32m&amp#27;[1mdovis&amp#27;[0m                                                          &amp#27;[90m# stepDefinitions.Login.enter_a_login_name(java.lang.String)&amp#27;[0m
  &amp#27;[32mThen &amp#27;[0m&amp#27;[32mAlert should be presented with the following validation message &amp#27;[0m&amp#27;[32m&amp#27;[1mvalidation failed&amp#27;[0m &amp#27;[90m# stepDefinitions.Login.alert_pop_up_should_be_presented_with_the_following_validation_message(java.lang.String)&amp#27;[0m
  &amp#27;[32mAnd &amp#27;[0m&amp#27;[32menter a password &amp#27;[0m&amp#27;[32m&amp#27;[1mdovist&amp#27;[0m                                                            &amp#27;[90m# stepDefinitions.Login.enter_a_specific_password(java.lang.String)&amp#27;[0m
  &amp#27;[32mAnd &amp#27;[0m&amp#27;[32mclick on Login button&amp#27;[0m                                                              &amp#27;[90m# stepDefinitions.Login.click_on_login_button()&amp#27;[0m
  &amp#27;[32mThen &amp#27;[0m&amp#27;[32mAlert should be presented with the following validation message &amp#27;[0m&amp#27;[32m&amp#27;[1mvalidation failed&amp#27;[0m &amp#27;[90m# stepDefinitions.Login.alert_pop_up_should_be_presented_with_the_following_validation_message(java.lang.String)&amp#27;[0m
]]></system-out>
  </testcase>
  <testcase name="runScenario[&quot;Validate - successful and unsuccessful login&quot;, &quot;Optional[Webdriver University - Login page]&quot;](12)" classname="runners.MainRunner" time="0.014"/>
</testsuite>