<?xml version="1.0" encoding="UTF-8"?>
<testng-results ignored="0" total="7" passed="7" failed="0" skipped="0">
  <reporter-output>
  </reporter-output>
  <suite started-at="2022-03-28T16:51:35 EEST" name="Suite" finished-at="2022-03-28T16:51:42 EEST" duration-ms="7282">
    <groups>
      <group name="cucumber">
        <method signature="AbstractTestNGCucumberTests.runScenario(io.cucumber.testng.PickleWrapper,io.cucumber.testng.FeatureWrapper)[pri:0, instance:runners.MainRunner@c267ef4]" name="runScenario" class="io.cucumber.testng.AbstractTestNGCucumberTests"/>
      </group> <!-- cucumber -->
    </groups>
    <test started-at="2022-03-28T16:51:35 EEST" name="Test" finished-at="2022-03-28T16:51:42 EEST" duration-ms="7282">
      <class name="runners.MainRunner">
        <test-method is-config="true" signature="setUpClass(org.testng.ITestContext)[pri:0, instance:runners.MainRunner@c267ef4]" started-at="2022-03-28T16:51:35 EEST" name="setUpClass" finished-at="2022-03-28T16:51:35 EEST" duration-ms="400" status="PASS">
          <params>
            <param index="0">
              <value>
                <![CDATA[org.testng.TestRunner@30c15d8b]]>
              </value>
            </param>
          </params>
          <reporter-output>
          </reporter-output>
        </test-method> <!-- setUpClass -->
        <test-method signature="runScenario(io.cucumber.testng.PickleWrapper,io.cucumber.testng.FeatureWrapper)[pri:0, instance:runners.MainRunner@c267ef4]" started-at="2022-03-28T16:51:35 EEST" name="runScenario" description="Runs Cucumber Scenarios" data-provider="scenarios" finished-at="2022-03-28T16:51:40 EEST" duration-ms="4959" status="PASS">
          <params>
            <param index="0">
              <value>
                <![CDATA["Validate - successful and unsuccessful login"]]>
              </value>
            </param>
            <param index="1">
              <value>
                <![CDATA["Optional[Webdriver University - Login page]"]]>
              </value>
            </param>
          </params>
          <reporter-output>
          </reporter-output>
        </test-method> <!-- runScenario -->
        <test-method signature="runScenario(io.cucumber.testng.PickleWrapper,io.cucumber.testng.FeatureWrapper)[pri:0, instance:runners.MainRunner@c267ef4]" started-at="2022-03-28T16:51:35 EEST" name="runScenario" description="Runs Cucumber Scenarios" data-provider="scenarios" finished-at="2022-03-28T16:51:40 EEST" duration-ms="4820" status="PASS">
          <params>
            <param index="0">
              <value>
                <![CDATA["Validate unsuccessful login"]]>
              </value>
            </param>
            <param index="1">
              <value>
                <![CDATA["Optional[Webdriver University - Login page]"]]>
              </value>
            </param>
          </params>
          <reporter-output>
          </reporter-output>
        </test-method> <!-- runScenario -->
        <test-method signature="runScenario(io.cucumber.testng.PickleWrapper,io.cucumber.testng.FeatureWrapper)[pri:0, instance:runners.MainRunner@c267ef4]" started-at="2022-03-28T16:51:35 EEST" name="runScenario" description="Runs Cucumber Scenarios" data-provider="scenarios" finished-at="2022-03-28T16:51:41 EEST" duration-ms="5910" status="PASS">
          <params>
            <param index="0">
              <value>
                <![CDATA["Validate Successful Submission - Specific Data"]]>
              </value>
            </param>
            <param index="1">
              <value>
                <![CDATA["Optional[WebDriver University - Contact Us Page]"]]>
              </value>
            </param>
          </params>
          <reporter-output>
          </reporter-output>
        </test-method> <!-- runScenario -->
        <test-method signature="runScenario(io.cucumber.testng.PickleWrapper,io.cucumber.testng.FeatureWrapper)[pri:0, instance:runners.MainRunner@c267ef4]" started-at="2022-03-28T16:51:35 EEST" name="runScenario" description="Runs Cucumber Scenarios" data-provider="scenarios" finished-at="2022-03-28T16:51:41 EEST" duration-ms="6034" status="PASS">
          <params>
            <param index="0">
              <value>
                <![CDATA["Validate Successful Submission - Unique Data"]]>
              </value>
            </param>
            <param index="1">
              <value>
                <![CDATA["Optional[WebDriver University - Contact Us Page]"]]>
              </value>
            </param>
          </params>
          <reporter-output>
          </reporter-output>
        </test-method> <!-- runScenario -->
        <test-method signature="runScenario(io.cucumber.testng.PickleWrapper,io.cucumber.testng.FeatureWrapper)[pri:0, instance:runners.MainRunner@c267ef4]" started-at="2022-03-28T16:51:35 EEST" name="runScenario" description="Runs Cucumber Scenarios" data-provider="scenarios" finished-at="2022-03-28T16:51:40 EEST" duration-ms="4879" status="PASS">
          <params>
            <param index="0">
              <value>
                <![CDATA["Validate successful login"]]>
              </value>
            </param>
            <param index="1">
              <value>
                <![CDATA["Optional[Webdriver University - Login page]"]]>
              </value>
            </param>
          </params>
          <reporter-output>
          </reporter-output>
        </test-method> <!-- runScenario -->
        <test-method signature="runScenario(io.cucumber.testng.PickleWrapper,io.cucumber.testng.FeatureWrapper)[pri:0, instance:runners.MainRunner@c267ef4]" started-at="2022-03-28T16:51:40 EEST" name="runScenario" description="Runs Cucumber Scenarios" data-provider="scenarios" finished-at="2022-03-28T16:51:42 EEST" duration-ms="1955" status="PASS">
          <params>
            <param index="0">
              <value>
                <![CDATA["Validate - successful and unsuccessful login"]]>
              </value>
            </param>
            <param index="1">
              <value>
                <![CDATA["Optional[Webdriver University - Login page]"]]>
              </value>
            </param>
          </params>
          <reporter-output>
          </reporter-output>
        </test-method> <!-- runScenario -->
        <test-method signature="runScenario(io.cucumber.testng.PickleWrapper,io.cucumber.testng.FeatureWrapper)[pri:0, instance:runners.MainRunner@c267ef4]" started-at="2022-03-28T16:51:40 EEST" name="runScenario" description="Runs Cucumber Scenarios" data-provider="scenarios" finished-at="2022-03-28T16:51:42 EEST" duration-ms="1722" status="PASS">
          <params>
            <param index="0">
              <value>
                <![CDATA["Validate - successful and unsuccessful login"]]>
              </value>
            </param>
            <param index="1">
              <value>
                <![CDATA["Optional[Webdriver University - Login page]"]]>
              </value>
            </param>
          </params>
          <reporter-output>
          </reporter-output>
        </test-method> <!-- runScenario -->
        <test-method is-config="true" signature="tearDownClass()[pri:0, instance:runners.MainRunner@c267ef4]" started-at="2022-03-28T16:51:42 EEST" name="tearDownClass" finished-at="2022-03-28T16:51:42 EEST" duration-ms="80" status="PASS">
          <reporter-output>
          </reporter-output>
        </test-method> <!-- tearDownClass -->
      </class> <!-- runners.MainRunner -->
    </test> <!-- Test -->
  </suite> <!-- Suite -->
</testng-results>
