<?xml version="1.0" encoding="UTF-8"?>
<testsuite xmlns:xsi="http://www.w3.org/2001/XMLSchema-instance" xsi:noNamespaceSchemaLocation="https://maven.apache.org/surefire/maven-surefire-plugin/xsd/surefire-test-report-3.0.xsd" version="3.0" name="TestSuite" time="12.481" tests="1" errors="0" skipped="0" failures="0">
  <properties>
[...]
</properties>
  <testcase name="runScenario[&quot;Validate ajax loader&quot;, &quot;Optional[Ajax loader]&quot;](1)" classname="runners.MainRunner" time="11.717">
    <system-out><![CDATA[[TestNGContentHandler] [WARN] It is strongly recommended to add "<!DOCTYPE suite SYSTEM "https://testng.org/testng-1.0.dtd" >" at the top of the suite file [C:\Users\Dovis\Desktop\Automation-framework\src\test\java\runners\testng\testng.xml] otherwise TestNG may fail or not work as expected.

@ajax
Scenario: Validate ajax loader           # features/Ajax_loader.feature:6
  Given Access the webdriver alerts page # stepDefinitions.Ajax_loader.access_the_webdriver_alerts_page()
  When Click on ajax loader              # stepDefinitions.Ajax_loader.click_on_ajax_loader()
  Then Wait for green button appearance  # stepDefinitions.Ajax_loader.WaitForGreenButton()
  And Click on green button              # stepDefinitions.Ajax_loader.click_on_green_button()
  And Click to close modal               # stepDefinitions.Ajax_loader.click_to_close_alert()
]]></system-out>
    <system-err><![CDATA[SLF4J: Failed to load class "org.slf4j.impl.StaticLoggerBinder".
SLF4J: Defaulting to no-operation (NOP) logger implementation
SLF4J: See http://www.slf4j.org/codes.html#StaticLoggerBinder for further details.
1651600986175	geckodriver	INFO	Listening on 127.0.0.1:65433
1651600986374	mozrunner::runner	INFO	Running command: "C:\\Program Files\\Mozilla Firefox\\firefox.exe" "--marionette" "--remote-debugging-port" "51673" "-no-remote" "-profile" "C:\\Users\\Dovis\\AppData\\Local\\Temp\\rust_mozprofiletXizS4"
1651600986630	Marionette	INFO	Marionette enabled
console.warn: SearchSettings: "get: No settings file exists, new profile?" (new NotFoundError("Could not open the file at C:\\Users\\Dovis\\AppData\\Local\\Temp\\rust_mozprofiletXizS4\\search.json.mozlz4", (void 0)))
DevTools listening on ws://localhost:51673/devtools/browser/0783980d-211b-4387-9dd0-39e78b235865
1651600988328	Marionette	INFO	Listening on port 55162
1651600988444	RemoteAgent	WARN	TLS certificate errors will be ignored for this session
May 03, 2022 9:03:08 PM org.openqa.selenium.remote.ProtocolHandshake createSession
INFO: Detected dialect: W3C
JavaScript error: http://www.webdriveruniversity.com/Ajax-Loader/js/html5shiv.js, line 5: SyntaxError: expected expression, got '<'
JavaScript error: http://www.webdriveruniversity.com/Ajax-Loader/js/respond.js, line 7: SyntaxError: expected expression, got '<'
1651600996859	Marionette	INFO	Stopped listening on port 55162
]]></system-err>
  </testcase>
</testsuite>