<?xml version="1.0" encoding="UTF-8"?>
<testng-results ignored="0" total="12" passed="12" failed="0" skipped="0">
  <reporter-output>
  </reporter-output>
  <suite started-at="2022-07-22T16:36:41 EEST" name="Suite" finished-at="2022-07-22T16:36:42 EEST" duration-ms="1831">
    <groups>
      <group name="cucumber">
        <method signature="AbstractTestNGCucumberTests.runScenario(io.cucumber.testng.PickleWrapper,io.cucumber.testng.FeatureWrapper)[pri:0, instance:runners.MainRunner@c267ef4]" name="runScenario" class="io.cucumber.testng.AbstractTestNGCucumberTests"/>
      </group> <!-- cucumber -->
    </groups>
    <test started-at="2022-07-22T16:36:41 EEST" name="Test" finished-at="2022-07-22T16:36:42 EEST" duration-ms="1831">
      <class name="runners.MainRunner">
        <test-method is-config="true" signature="setUpClass(org.testng.ITestContext)[pri:0, instance:runners.MainRunner@c267ef4]" started-at="2022-07-22T16:36:41 EEST" name="setUpClass" finished-at="2022-07-22T16:36:41 EEST" duration-ms="339" status="PASS">
          <params>
            <param index="0">
              <value>
                <![CDATA[org.testng.TestRunner@6771beb3]]>
              </value>
            </param>
          </params>
          <reporter-output>
          </reporter-output>
        </test-method> <!-- setUpClass -->
        <test-method signature="runScenario(io.cucumber.testng.PickleWrapper,io.cucumber.testng.FeatureWrapper)[pri:0, instance:runners.MainRunner@c267ef4]" started-at="2022-07-22T16:36:41 EEST" name="runScenario" description="Runs Cucumber Scenarios" data-provider="scenarios" finished-at="2022-07-22T16:36:41 EEST" duration-ms="134" status="PASS">
          <params>
            <param index="0">
              <value>
                <![CDATA["Hold mouse click - keep holding"]]>
              </value>
            </param>
            <param index="1">
              <value>
                <![CDATA["Optional[Webdriveruniversity - Drag, Drop, Hover, Click and hold, double click]"]]>
              </value>
            </param>
          </params>
          <reporter-output>
          </reporter-output>
        </test-method> <!-- runScenario -->
        <test-method signature="runScenario(io.cucumber.testng.PickleWrapper,io.cucumber.testng.FeatureWrapper)[pri:0, instance:runners.MainRunner@c267ef4]" started-at="2022-07-22T16:36:41 EEST" name="runScenario" description="Runs Cucumber Scenarios" data-provider="scenarios" finished-at="2022-07-22T16:36:41 EEST" duration-ms="134" status="PASS">
          <params>
            <param index="0">
              <value>
                <![CDATA["Double click function"]]>
              </value>
            </param>
            <param index="1">
              <value>
                <![CDATA["Optional[Webdriveruniversity - Drag, Drop, Hover, Click and hold, double click]"]]>
              </value>
            </param>
          </params>
          <reporter-output>
          </reporter-output>
        </test-method> <!-- runScenario -->
        <test-method signature="runScenario(io.cucumber.testng.PickleWrapper,io.cucumber.testng.FeatureWrapper)[pri:0, instance:runners.MainRunner@c267ef4]" started-at="2022-07-22T16:36:41 EEST" name="runScenario" description="Runs Cucumber Scenarios" data-provider="scenarios" finished-at="2022-07-22T16:36:41 EEST" duration-ms="134" status="PASS">
          <params>
            <param index="0">
              <value>
                <![CDATA["Drag & Drop function"]]>
              </value>
            </param>
            <param index="1">
              <value>
                <![CDATA["Optional[Webdriveruniversity - Drag, Drop, Hover, Click and hold, double click]"]]>
              </value>
            </param>
          </params>
          <reporter-output>
          </reporter-output>
        </test-method> <!-- runScenario -->
        <test-method signature="runScenario(io.cucumber.testng.PickleWrapper,io.cucumber.testng.FeatureWrapper)[pri:0, instance:runners.MainRunner@c267ef4]" started-at="2022-07-22T16:36:41 EEST" name="runScenario" description="Runs Cucumber Scenarios" data-provider="scenarios" finished-at="2022-07-22T16:36:41 EEST" duration-ms="134" status="PASS">
          <params>
            <param index="0">
              <value>
                <![CDATA["Validate ajax loader"]]>
              </value>
            </param>
            <param index="1">
              <value>
                <![CDATA["Optional[Ajax loader]"]]>
              </value>
            </param>
          </params>
          <reporter-output>
          </reporter-output>
        </test-method> <!-- runScenario -->
        <test-method signature="runScenario(io.cucumber.testng.PickleWrapper,io.cucumber.testng.FeatureWrapper)[pri:0, instance:runners.MainRunner@c267ef4]" started-at="2022-07-22T16:36:41 EEST" name="runScenario" description="Runs Cucumber Scenarios" data-provider="scenarios" finished-at="2022-07-22T16:36:41 EEST" duration-ms="134" status="PASS">
          <params>
            <param index="0">
              <value>
                <![CDATA["Hover on third box and access second option"]]>
              </value>
            </param>
            <param index="1">
              <value>
                <![CDATA["Optional[Webdriveruniversity - Drag, Drop, Hover, Click and hold, double click]"]]>
              </value>
            </param>
          </params>
          <reporter-output>
          </reporter-output>
        </test-method> <!-- runScenario -->
        <test-method signature="runScenario(io.cucumber.testng.PickleWrapper,io.cucumber.testng.FeatureWrapper)[pri:0, instance:runners.MainRunner@c267ef4]" started-at="2022-07-22T16:36:41 EEST" name="runScenario" description="Runs Cucumber Scenarios" data-provider="scenarios" finished-at="2022-07-22T16:36:41 EEST" duration-ms="31" status="PASS">
          <params>
            <param index="0">
              <value>
                <![CDATA["Validate Successful Submission - Specific Data"]]>
              </value>
            </param>
            <param index="1">
              <value>
                <![CDATA["Optional[WebDriver University - Contact Us Page]"]]>
              </value>
            </param>
          </params>
          <reporter-output>
          </reporter-output>
        </test-method> <!-- runScenario -->
        <test-method signature="runScenario(io.cucumber.testng.PickleWrapper,io.cucumber.testng.FeatureWrapper)[pri:0, instance:runners.MainRunner@c267ef4]" started-at="2022-07-22T16:36:41 EEST" name="runScenario" description="Runs Cucumber Scenarios" data-provider="scenarios" finished-at="2022-07-22T16:36:41 EEST" duration-ms="21" status="PASS">
          <params>
            <param index="0">
              <value>
                <![CDATA["Validate Successful Submission - Unique Data"]]>
              </value>
            </param>
            <param index="1">
              <value>
                <![CDATA["Optional[WebDriver University - Contact Us Page]"]]>
              </value>
            </param>
          </params>
          <reporter-output>
          </reporter-output>
        </test-method> <!-- runScenario -->
        <test-method signature="runScenario(io.cucumber.testng.PickleWrapper,io.cucumber.testng.FeatureWrapper)[pri:0, instance:runners.MainRunner@c267ef4]" started-at="2022-07-22T16:36:41 EEST" name="runScenario" description="Runs Cucumber Scenarios" data-provider="scenarios" finished-at="2022-07-22T16:36:41 EEST" duration-ms="27" status="PASS">
          <params>
            <param index="0">
              <value>
                <![CDATA["Validate successful login"]]>
              </value>
            </param>
            <param index="1">
              <value>
                <![CDATA["Optional[Webdriver University - Login page]"]]>
              </value>
            </param>
          </params>
          <reporter-output>
          </reporter-output>
        </test-method> <!-- runScenario -->
        <test-method signature="runScenario(io.cucumber.testng.PickleWrapper,io.cucumber.testng.FeatureWrapper)[pri:0, instance:runners.MainRunner@c267ef4]" started-at="2022-07-22T16:36:41 EEST" name="runScenario" description="Runs Cucumber Scenarios" data-provider="scenarios" finished-at="2022-07-22T16:36:41 EEST" duration-ms="17" status="PASS">
          <params>
            <param index="0">
              <value>
                <![CDATA["Validate unsuccessful login"]]>
              </value>
            </param>
            <param index="1">
              <value>
                <![CDATA["Optional[Webdriver University - Login page]"]]>
              </value>
            </param>
          </params>
          <reporter-output>
          </reporter-output>
        </test-method> <!-- runScenario -->
        <test-method signature="runScenario(io.cucumber.testng.PickleWrapper,io.cucumber.testng.FeatureWrapper)[pri:0, instance:runners.MainRunner@c267ef4]" started-at="2022-07-22T16:36:41 EEST" name="runScenario" description="Runs Cucumber Scenarios" data-provider="scenarios" finished-at="2022-07-22T16:36:41 EEST" duration-ms="29" status="PASS">
          <params>
            <param index="0">
              <value>
                <![CDATA["Validate - successful and unsuccessful login"]]>
              </value>
            </param>
            <param index="1">
              <value>
                <![CDATA["Optional[Webdriver University - Login page]"]]>
              </value>
            </param>
          </params>
          <reporter-output>
          </reporter-output>
        </test-method> <!-- runScenario -->
        <test-method signature="runScenario(io.cucumber.testng.PickleWrapper,io.cucumber.testng.FeatureWrapper)[pri:0, instance:runners.MainRunner@c267ef4]" started-at="2022-07-22T16:36:41 EEST" name="runScenario" description="Runs Cucumber Scenarios" data-provider="scenarios" finished-at="2022-07-22T16:36:41 EEST" duration-ms="20" status="PASS">
          <params>
            <param index="0">
              <value>
                <![CDATA["Validate - successful and unsuccessful login"]]>
              </value>
            </param>
            <param index="1">
              <value>
                <![CDATA["Optional[Webdriver University - Login page]"]]>
              </value>
            </param>
          </params>
          <reporter-output>
          </reporter-output>
        </test-method> <!-- runScenario -->
        <test-method signature="runScenario(io.cucumber.testng.PickleWrapper,io.cucumber.testng.FeatureWrapper)[pri:0, instance:runners.MainRunner@c267ef4]" started-at="2022-07-22T16:36:41 EEST" name="runScenario" description="Runs Cucumber Scenarios" data-provider="scenarios" finished-at="2022-07-22T16:36:41 EEST" duration-ms="15" status="PASS">
          <params>
            <param index="0">
              <value>
                <![CDATA["Validate - successful and unsuccessful login"]]>
              </value>
            </param>
            <param index="1">
              <value>
                <![CDATA["Optional[Webdriver University - Login page]"]]>
              </value>
            </param>
          </params>
          <reporter-output>
          </reporter-output>
        </test-method> <!-- runScenario -->
        <test-method is-config="true" signature="tearDownClass()[pri:0, instance:runners.MainRunner@c267ef4]" started-at="2022-07-22T16:36:41 EEST" name="tearDownClass" finished-at="2022-07-22T16:36:42 EEST" duration-ms="1295" status="PASS">
          <reporter-output>
          </reporter-output>
        </test-method> <!-- tearDownClass -->
      </class> <!-- runners.MainRunner -->
    </test> <!-- Test -->
  </suite> <!-- Suite -->
</testng-results>
